<?xml version="1.0" encoding="utf-8" ?>
<!DOCTYPE html PUBLIC "-//W3C//DTD XHTML 1.0 Strict//EN"
        "http://www.w3.org/TR/xhtml1/DTD/xhtml1-strict.dtd">
<html xmlns="http://www.w3.org/1999/xhtml" xml:lang="" lang="">
<head>
  <title>Test Results Report - MemoEditTest</title>
  <meta http-equiv="Content-Type" content="text/html;charset=utf-8" />
  <meta name="description" content="TestNG unit test results." />
  <link href="reportng.css" rel="stylesheet" type="text/css" />
    <script type="text/javascript" src="reportng.js"></script>
</head>
<body>
<h1>MemoEditTest</h1>
<p>
  Test duration: 143.835s
</p>



  <table class="resultsTable">
    <tr><th colspan="3" class="header failed">Failed Tests</th></tr>
          <tr>
        <td colspan="3" class="group">testcases.memo.MemoEditTest</td>
      </tr>
            
<tr>
  <td class="method">
                  insertImageToCatMemoFromCamera
      </td>
  <td class="duration">
    15.361s
  </td>
  <td class="result">
        
    
            <div class="testOutput">
                        <a target="_blank" href="C:\Eclipse\workspace\Memo.Poc\test-output\html\screenshots/30-Aug-2018__03_57_33PM.png">Screenshot Captured</a>
                                <br><a target='_blank' href="C:\Eclipse\workspace\Memo.Poc\test-output\html\screenshots/30-Aug-2018__03_57_33PM.png"><img height=200, width=200, src="C:\Eclipse\workspace\Memo.Poc\test-output\html\screenshots/30-Aug-2018__03_57_33PM.png" alt=""/></img></a>
                  </div>
    

        <a href="javascript:toggleElement('exception-0', 'block')" title="Click to expand/collapse"><b>org.openqa.selenium.NoSuchElementException: Can&apos;t locate an element by this strategy: Locator map: <br/>
- native content: &quot;By.id: com.samsung.android.app.memo:id/category_item&quot; <br/>
- html content: &quot;by id or name &quot;addedCatMemo&quot;&quot;<br/>
For documentation on this error, please visit: http://seleniumhq.org/exceptions/no_such_element.html<br/>
Build info: version: &apos;2.53.1&apos;, revision: &apos;a36b8b1cd5757287168e54b817830adce9b0158d&apos;, time: &apos;2016-06-30 19:26:09&apos;<br/>
System info: host: &apos;L1016967&apos;, ip: &apos;172.19.254.97&apos;, os.name: &apos;Windows 7&apos;, os.arch: &apos;amd64&apos;, os.version: &apos;6.1&apos;, java.version: &apos;1.8.0_152&apos;<br/>
Driver info: driver.version: unknown</b></a><br />
    <div class="stackTrace" id="exception-0">
              io.appium.java_client.pagefactory.AppiumElementLocator.findElement(AppiumElementLocator.java:110)<br />
              io.appium.java_client.pagefactory.interceptors.InterceptorOfASingleElement.intercept(InterceptorOfASingleElement.java:57)<br />
              io.appium.java_client.android.AndroidElement$$EnhancerByCGLIB$$c0b591f0.click(&lt;generated&gt;)<br />
              screens.memo.ManageCategoryScreen.displayAddedCatMemo(ManageCategoryScreen.java:95)<br />
              testcases.memo.MemoEditTest.insertImageToCatMemoFromCamera(MemoEditTest.java:48)<br />
              sun.reflect.NativeMethodAccessorImpl.invoke0(Native Method)<br />
              sun.reflect.NativeMethodAccessorImpl.invoke(NativeMethodAccessorImpl.java:62)<br />
              sun.reflect.DelegatingMethodAccessorImpl.invoke(DelegatingMethodAccessorImpl.java:43)<br />
              java.lang.reflect.Method.invoke(Method.java:498)<br />
              org.testng.internal.MethodInvocationHelper.invokeMethod(MethodInvocationHelper.java:124)<br />
              org.testng.internal.Invoker.invokeMethod(Invoker.java:571)<br />
              org.testng.internal.Invoker.invokeTestMethod(Invoker.java:707)<br />
              org.testng.internal.Invoker.invokeTestMethods(Invoker.java:979)<br />
              org.testng.internal.TestMethodWorker.invokeTestMethods(TestMethodWorker.java:125)<br />
              org.testng.internal.TestMethodWorker.run(TestMethodWorker.java:109)<br />
              org.testng.TestRunner.privateRun(TestRunner.java:648)<br />
              org.testng.TestRunner.run(TestRunner.java:505)<br />
              org.testng.SuiteRunner.runTest(SuiteRunner.java:455)<br />
              org.testng.SuiteRunner.runSequentially(SuiteRunner.java:450)<br />
              org.testng.SuiteRunner.privateRun(SuiteRunner.java:415)<br />
              org.testng.SuiteRunner.run(SuiteRunner.java:364)<br />
              org.testng.SuiteRunnerWorker.runSuite(SuiteRunnerWorker.java:52)<br />
              org.testng.SuiteRunnerWorker.run(SuiteRunnerWorker.java:84)<br />
              org.testng.TestNG.runSuitesSequentially(TestNG.java:1187)<br />
              org.testng.TestNG.runSuitesLocally(TestNG.java:1116)<br />
              org.testng.TestNG.runSuites(TestNG.java:1028)<br />
              org.testng.TestNG.run(TestNG.java:996)<br />
              org.testng.remote.AbstractRemoteTestNG.run(AbstractRemoteTestNG.java:114)<br />
              org.testng.remote.RemoteTestNG.initAndRun(RemoteTestNG.java:251)<br />
              org.testng.remote.RemoteTestNG.main(RemoteTestNG.java:77)<br />
                </div>
      </td>
</tr>
<tr>
  <td class="method">
                  insertImageToMyMemoFromGallery
      </td>
  <td class="duration">
    57.722s
  </td>
  <td class="result">
        
    
            <div class="testOutput">
                        <a target="_blank" href="C:\Eclipse\workspace\Memo.Poc\test-output\html\screenshots/30-Aug-2018__03_57_16PM.png">Screenshot Captured</a>
                                <br><a target='_blank' href="C:\Eclipse\workspace\Memo.Poc\test-output\html\screenshots/30-Aug-2018__03_57_16PM.png"><img height=200, width=200, src="C:\Eclipse\workspace\Memo.Poc\test-output\html\screenshots/30-Aug-2018__03_57_16PM.png" alt=""/></img></a>
                  </div>
    

        <a href="javascript:toggleElement('exception-1', 'block')" title="Click to expand/collapse"><b>org.openqa.selenium.TimeoutException: Timed out after 30 seconds waiting for presence of element located by: By.id: com.samsung.android.app.memo:id/mitem_done<br/>
Build info: version: &apos;2.53.1&apos;, revision: &apos;a36b8b1cd5757287168e54b817830adce9b0158d&apos;, time: &apos;2016-06-30 19:26:09&apos;<br/>
System info: host: &apos;L1016967&apos;, ip: &apos;172.19.254.97&apos;, os.name: &apos;Windows 7&apos;, os.arch: &apos;amd64&apos;, os.version: &apos;6.1&apos;, java.version: &apos;1.8.0_152&apos;<br/>
Driver info: io.appium.java_client.android.AndroidDriver<br/>
Capabilities [{app=null, appPackage=com.samsung.android.app.memo, deviceScreenSize=1080x1920, networkConnectionEnabled=true, warnings={}, databaseEnabled=false, deviceName=a9544d10, platform=LINUX, deviceUDID=a9544d10, appActivity=com.samsung.android.app.memo.Main, desired={app=null, appPackage=com.samsung.android.app.memo, appActivity=com.samsung.android.app.memo.Main, platformVersion=6.0.1, automationName=null, browserName=null, platformName=Android, deviceName=Samsung Galaxy S5}, platformVersion=6.0.1, webStorageEnabled=false, locationContextEnabled=false, automationName=null, takesScreenshot=true, browserName=null, javascriptEnabled=true, deviceModel=SM-G900F, platformName=Android, deviceManufacturer=samsung}]<br/>
Session ID: e4d1efac-73ee-481b-b07f-5b5c2b61e588</b></a><br />
    <div class="stackTrace" id="exception-1">
              org.openqa.selenium.support.ui.WebDriverWait.timeoutException(WebDriverWait.java:80)<br />
              org.openqa.selenium.support.ui.FluentWait.until(FluentWait.java:261)<br />
              base.ScreenBase.waitforElement(ScreenBase.java:22)<br />
              screens.memo.MemoScreen.insertImageFromGalleryMemo(MemoScreen.java:180)<br />
              testcases.memo.MemoEditTest.insertImageToMyMemoFromGallery(MemoEditTest.java:37)<br />
              sun.reflect.NativeMethodAccessorImpl.invoke0(Native Method)<br />
              sun.reflect.NativeMethodAccessorImpl.invoke(NativeMethodAccessorImpl.java:62)<br />
              sun.reflect.DelegatingMethodAccessorImpl.invoke(DelegatingMethodAccessorImpl.java:43)<br />
              java.lang.reflect.Method.invoke(Method.java:498)<br />
              org.testng.internal.MethodInvocationHelper.invokeMethod(MethodInvocationHelper.java:124)<br />
              org.testng.internal.Invoker.invokeMethod(Invoker.java:571)<br />
              org.testng.internal.Invoker.invokeTestMethod(Invoker.java:707)<br />
              org.testng.internal.Invoker.invokeTestMethods(Invoker.java:979)<br />
              org.testng.internal.TestMethodWorker.invokeTestMethods(TestMethodWorker.java:125)<br />
              org.testng.internal.TestMethodWorker.run(TestMethodWorker.java:109)<br />
              org.testng.TestRunner.privateRun(TestRunner.java:648)<br />
              org.testng.TestRunner.run(TestRunner.java:505)<br />
              org.testng.SuiteRunner.runTest(SuiteRunner.java:455)<br />
              org.testng.SuiteRunner.runSequentially(SuiteRunner.java:450)<br />
              org.testng.SuiteRunner.privateRun(SuiteRunner.java:415)<br />
              org.testng.SuiteRunner.run(SuiteRunner.java:364)<br />
              org.testng.SuiteRunnerWorker.runSuite(SuiteRunnerWorker.java:52)<br />
              org.testng.SuiteRunnerWorker.run(SuiteRunnerWorker.java:84)<br />
              org.testng.TestNG.runSuitesSequentially(TestNG.java:1187)<br />
              org.testng.TestNG.runSuitesLocally(TestNG.java:1116)<br />
              org.testng.TestNG.runSuites(TestNG.java:1028)<br />
              org.testng.TestNG.run(TestNG.java:996)<br />
              org.testng.remote.AbstractRemoteTestNG.run(AbstractRemoteTestNG.java:114)<br />
              org.testng.remote.RemoteTestNG.initAndRun(RemoteTestNG.java:251)<br />
              org.testng.remote.RemoteTestNG.main(RemoteTestNG.java:77)<br />
                    <b>Caused by: </b> <a href="javascript:toggleElement('exception-2', 'block')" title="Click to expand/collapse">org.openqa.selenium.NoSuchElementException: An element could not be located on the page using the given search parameters. (WARNING: The server did not provide any stacktrace information)<br/>
Command duration or timeout: 5.60 seconds<br/>
For documentation on this error, please visit: http://seleniumhq.org/exceptions/no_such_element.html<br/>
Build info: version: &apos;2.53.1&apos;, revision: &apos;a36b8b1cd5757287168e54b817830adce9b0158d&apos;, time: &apos;2016-06-30 19:26:09&apos;<br/>
System info: host: &apos;L1016967&apos;, ip: &apos;172.19.254.97&apos;, os.name: &apos;Windows 7&apos;, os.arch: &apos;amd64&apos;, os.version: &apos;6.1&apos;, java.version: &apos;1.8.0_152&apos;<br/>
Driver info: io.appium.java_client.android.AndroidDriver<br/>
Capabilities [{app=null, appPackage=com.samsung.android.app.memo, deviceScreenSize=1080x1920, networkConnectionEnabled=true, warnings={}, databaseEnabled=false, deviceName=a9544d10, platform=LINUX, deviceUDID=a9544d10, appActivity=com.samsung.android.app.memo.Main, desired={app=null, appPackage=com.samsung.android.app.memo, appActivity=com.samsung.android.app.memo.Main, platformVersion=6.0.1, automationName=null, browserName=null, platformName=Android, deviceName=Samsung Galaxy S5}, platformVersion=6.0.1, webStorageEnabled=false, locationContextEnabled=false, automationName=null, takesScreenshot=true, browserName=null, javascriptEnabled=true, deviceModel=SM-G900F, platformName=Android, deviceManufacturer=samsung}]<br/>
Session ID: e4d1efac-73ee-481b-b07f-5b5c2b61e588<br/>
*** Element info: {Using=id, value=com.samsung.android.app.memo:id/mitem_done}</a><br />
        <div class="stackTrace" id="exception-2">
                      sun.reflect.NativeConstructorAccessorImpl.newInstance0(Native Method)<br />
                      sun.reflect.NativeConstructorAccessorImpl.newInstance(NativeConstructorAccessorImpl.java:62)<br />
                      sun.reflect.DelegatingConstructorAccessorImpl.newInstance(DelegatingConstructorAccessorImpl.java:45)<br />
                      java.lang.reflect.Constructor.newInstance(Constructor.java:423)<br />
                      org.openqa.selenium.remote.ErrorHandler.createThrowable(ErrorHandler.java:206)<br />
                      org.openqa.selenium.remote.ErrorHandler.throwIfResponseFailed(ErrorHandler.java:158)<br />
                      org.openqa.selenium.remote.RemoteWebDriver.execute(RemoteWebDriver.java:678)<br />
                      io.appium.java_client.DefaultGenericMobileDriver.execute(DefaultGenericMobileDriver.java:40)<br />
                      io.appium.java_client.AppiumDriver.execute(AppiumDriver.java:1)<br />
                      io.appium.java_client.android.AndroidDriver.execute(AndroidDriver.java:1)<br />
                      org.openqa.selenium.remote.RemoteWebDriver.findElement(RemoteWebDriver.java:363)<br />
                      io.appium.java_client.DefaultGenericMobileDriver.findElement(DefaultGenericMobileDriver.java:56)<br />
                      io.appium.java_client.AppiumDriver.findElement(AppiumDriver.java:1)<br />
                      io.appium.java_client.android.AndroidDriver.findElement(AndroidDriver.java:1)<br />
                      org.openqa.selenium.remote.RemoteWebDriver.findElementById(RemoteWebDriver.java:413)<br />
                      io.appium.java_client.DefaultGenericMobileDriver.findElementById(DefaultGenericMobileDriver.java:64)<br />
                      io.appium.java_client.AppiumDriver.findElementById(AppiumDriver.java:1)<br />
                      io.appium.java_client.android.AndroidDriver.findElementById(AndroidDriver.java:1)<br />
                      org.openqa.selenium.By$ById.findElement(By.java:218)<br />
                      org.openqa.selenium.remote.RemoteWebDriver.findElement(RemoteWebDriver.java:355)<br />
                      io.appium.java_client.DefaultGenericMobileDriver.findElement(DefaultGenericMobileDriver.java:52)<br />
                      io.appium.java_client.AppiumDriver.findElement(AppiumDriver.java:1)<br />
                      io.appium.java_client.android.AndroidDriver.findElement(AndroidDriver.java:1)<br />
                      org.openqa.selenium.support.ui.ExpectedConditions.findElement(ExpectedConditions.java:899)<br />
                      org.openqa.selenium.support.ui.ExpectedConditions.access$000(ExpectedConditions.java:41)<br />
                      org.openqa.selenium.support.ui.ExpectedConditions$6.apply(ExpectedConditions.java:181)<br />
                      org.openqa.selenium.support.ui.ExpectedConditions$6.apply(ExpectedConditions.java:178)<br />
                      org.openqa.selenium.support.ui.FluentWait.until(FluentWait.java:238)<br />
                      base.ScreenBase.waitforElement(ScreenBase.java:22)<br />
                      screens.memo.MemoScreen.insertImageFromGalleryMemo(MemoScreen.java:180)<br />
                      testcases.memo.MemoEditTest.insertImageToMyMemoFromGallery(MemoEditTest.java:37)<br />
                      sun.reflect.NativeMethodAccessorImpl.invoke0(Native Method)<br />
                      sun.reflect.NativeMethodAccessorImpl.invoke(NativeMethodAccessorImpl.java:62)<br />
                      sun.reflect.DelegatingMethodAccessorImpl.invoke(DelegatingMethodAccessorImpl.java:43)<br />
                      java.lang.reflect.Method.invoke(Method.java:498)<br />
                      org.testng.internal.MethodInvocationHelper.invokeMethod(MethodInvocationHelper.java:124)<br />
                      org.testng.internal.Invoker.invokeMethod(Invoker.java:571)<br />
                      org.testng.internal.Invoker.invokeTestMethod(Invoker.java:707)<br />
                      org.testng.internal.Invoker.invokeTestMethods(Invoker.java:979)<br />
                      org.testng.internal.TestMethodWorker.invokeTestMethods(TestMethodWorker.java:125)<br />
                      org.testng.internal.TestMethodWorker.run(TestMethodWorker.java:109)<br />
                      org.testng.TestRunner.privateRun(TestRunner.java:648)<br />
                      org.testng.TestRunner.run(TestRunner.java:505)<br />
                      org.testng.SuiteRunner.runTest(SuiteRunner.java:455)<br />
                      org.testng.SuiteRunner.runSequentially(SuiteRunner.java:450)<br />
                      org.testng.SuiteRunner.privateRun(SuiteRunner.java:415)<br />
                      org.testng.SuiteRunner.run(SuiteRunner.java:364)<br />
                      org.testng.SuiteRunnerWorker.runSuite(SuiteRunnerWorker.java:52)<br />
                      org.testng.SuiteRunnerWorker.run(SuiteRunnerWorker.java:84)<br />
                      org.testng.TestNG.runSuitesSequentially(TestNG.java:1187)<br />
                      org.testng.TestNG.runSuitesLocally(TestNG.java:1116)<br />
                      org.testng.TestNG.runSuites(TestNG.java:1028)<br />
                      org.testng.TestNG.run(TestNG.java:996)<br />
                      org.testng.remote.AbstractRemoteTestNG.run(AbstractRemoteTestNG.java:114)<br />
                      org.testng.remote.RemoteTestNG.initAndRun(RemoteTestNG.java:251)<br />
                      org.testng.remote.RemoteTestNG.main(RemoteTestNG.java:77)<br />
                  </div>
          </div>
      </td>
</tr>
      </table>


  
</body>
</html>
