<?xml version="1.0" encoding="utf-8" ?>
<!DOCTYPE html PUBLIC "-//W3C//DTD XHTML 1.0 Strict//EN"
        "http://www.w3.org/TR/xhtml1/DTD/xhtml1-strict.dtd">
<html xmlns="http://www.w3.org/1999/xhtml" xml:lang="" lang="">
<head>
  <title>Test Results Report - Test</title>
  <meta http-equiv="Content-Type" content="text/html;charset=utf-8" />
  <meta name="description" content="TestNG unit test results." />
  <link href="reportng.css" rel="stylesheet" type="text/css" />
    <script type="text/javascript" src="reportng.js"></script>
</head>
<body>
<h1>Test</h1>
<p>
  Test duration: 247.441s
</p>



  <table class="resultsTable">
    <tr><th colspan="3" class="header failed">Failed Tests</th></tr>
          <tr>
        <td colspan="3" class="group">testcases.ba.baPlanTripTest</td>
      </tr>
            
<tr>
  <td class="method">
                  failureScenario
      </td>
  <td class="duration">
    71.340s
  </td>
  <td class="result">
        
          <i>Method arguments: </i><span class="arguments">org.testng.TestRunner@4c198dec</span><br />
    
            <div class="testOutput">
                        <a target="_blank" href="C:\Workspace\AppiumTesting\BlueStacks.BA.Poc\test-output\html\screenshots/02-Oct-2018__02_14_33PM.png">Screenshot Captured</a>
                                <br><a target='_blank' href="C:\Workspace\AppiumTesting\BlueStacks.BA.Poc\test-output\html\screenshots/02-Oct-2018__02_14_33PM.png"><img height=200, width=200, src="C:\Workspace\AppiumTesting\BlueStacks.BA.Poc\test-output\html\screenshots/02-Oct-2018__02_14_33PM.png" alt=""/></img></a>
                  </div>
    

        <a href="javascript:toggleElement('exception-0', 'block')" title="Click to expand/collapse"><b>org.openqa.selenium.NoSuchElementException: Can&apos;t locate an element by this strategy: Locator map: <br/>
- native content: &quot;By.id: com.ba.mobile:id/airportName&quot; <br/>
- html content: &quot;by id or name &quot;acceptAirportEntered&quot;&quot;<br/>
For documentation on this error, please visit: http://seleniumhq.org/exceptions/no_such_element.html<br/>
Build info: version: &apos;2.53.1&apos;, revision: &apos;a36b8b1cd5757287168e54b817830adce9b0158d&apos;, time: &apos;2016-06-30 19:26:09&apos;<br/>
System info: host: &apos;L1016967&apos;, ip: &apos;172.19.179.166&apos;, os.name: &apos;Windows 7&apos;, os.arch: &apos;amd64&apos;, os.version: &apos;6.1&apos;, java.version: &apos;1.8.0_181&apos;<br/>
Driver info: driver.version: unknown</b></a><br />
    <div class="stackTrace" id="exception-0">
              io.appium.java_client.pagefactory.AppiumElementLocator.findElement(AppiumElementLocator.java:110)<br />
              io.appium.java_client.pagefactory.interceptors.InterceptorOfASingleElement.intercept(InterceptorOfASingleElement.java:57)<br />
              io.appium.java_client.android.AndroidElement$$EnhancerByCGLIB$$c0b591f0.click(&lt;generated&gt;)<br />
              screens.ba.BaAirportScreen.acceptAirportEntered(BaAirportScreen.java:61)<br />
              screens.ba.BaAirportScreen.arrivalFlight(BaAirportScreen.java:79)<br />
              testcases.ba.baPlanTripTest.failureScenario(baPlanTripTest.java:131)<br />
              sun.reflect.NativeMethodAccessorImpl.invoke0(Native Method)<br />
              sun.reflect.NativeMethodAccessorImpl.invoke(Unknown Source)<br />
              sun.reflect.DelegatingMethodAccessorImpl.invoke(Unknown Source)<br />
              java.lang.reflect.Method.invoke(Unknown Source)<br />
              org.testng.internal.MethodInvocationHelper.invokeMethod(MethodInvocationHelper.java:124)<br />
              org.testng.internal.Invoker.invokeMethod(Invoker.java:583)<br />
              org.testng.internal.Invoker.invokeTestMethod(Invoker.java:719)<br />
              org.testng.internal.Invoker.invokeTestMethods(Invoker.java:989)<br />
              org.testng.internal.TestMethodWorker.invokeTestMethods(TestMethodWorker.java:125)<br />
              org.testng.internal.TestMethodWorker.run(TestMethodWorker.java:109)<br />
              org.testng.TestRunner.privateRun(TestRunner.java:648)<br />
              org.testng.TestRunner.run(TestRunner.java:505)<br />
              org.testng.SuiteRunner.runTest(SuiteRunner.java:455)<br />
              org.testng.SuiteRunner.access$000(SuiteRunner.java:40)<br />
              org.testng.SuiteRunner$SuiteWorker.run(SuiteRunner.java:489)<br />
              org.testng.internal.thread.ThreadUtil$1.call(ThreadUtil.java:52)<br />
              java.util.concurrent.FutureTask.run(Unknown Source)<br />
              java.util.concurrent.ThreadPoolExecutor.runWorker(Unknown Source)<br />
              java.util.concurrent.ThreadPoolExecutor$Worker.run(Unknown Source)<br />
              java.lang.Thread.run(Unknown Source)<br />
                </div>
      </td>
</tr>
<tr>
  <td class="method">
                  oneAdultOneChildRtn
      </td>
  <td class="duration">
    50.479s
  </td>
  <td class="result">
        
          <i>Method arguments: </i><span class="arguments">org.testng.TestRunner@4c198dec</span><br />
    
            <div class="testOutput">
                        <a target="_blank" href="C:\Workspace\AppiumTesting\BlueStacks.BA.Poc\test-output\html\screenshots/02-Oct-2018__02_11_47PM.png">Screenshot Captured</a>
                                <br><a target='_blank' href="C:\Workspace\AppiumTesting\BlueStacks.BA.Poc\test-output\html\screenshots/02-Oct-2018__02_11_47PM.png"><img height=200, width=200, src="C:\Workspace\AppiumTesting\BlueStacks.BA.Poc\test-output\html\screenshots/02-Oct-2018__02_11_47PM.png" alt=""/></img></a>
                  </div>
    

        <a href="javascript:toggleElement('exception-1', 'block')" title="Click to expand/collapse"><b>org.openqa.selenium.NoSuchElementException: Can&apos;t locate an element by this strategy: Locator map: <br/>
- native content: &quot;By.xpath: /hierarchy/android.widget.FrameLayout/android.widget.LinearLayout/android.widget.FrameLayout/android.widget.LinearLayout/android.widget.FrameLayout/android.widget.LinearLayout/android.widget.FrameLayout/android.support.v4.widget.DrawerLayout/android.widget.RelativeLayout/android.widget.LinearLayout/android.widget.ListView/android.widget.LinearLayout[2]/android.view.View/android.view.View[4]/android.widget.FrameLayout[1]/android.widget.TextView&quot; <br/>
- html content: &quot;by id or name &quot;hardCodedOutboundTravelDate&quot;&quot;<br/>
For documentation on this error, please visit: http://seleniumhq.org/exceptions/no_such_element.html<br/>
Build info: version: &apos;2.53.1&apos;, revision: &apos;a36b8b1cd5757287168e54b817830adce9b0158d&apos;, time: &apos;2016-06-30 19:26:09&apos;<br/>
System info: host: &apos;L1016967&apos;, ip: &apos;172.19.179.166&apos;, os.name: &apos;Windows 7&apos;, os.arch: &apos;amd64&apos;, os.version: &apos;6.1&apos;, java.version: &apos;1.8.0_181&apos;<br/>
Driver info: driver.version: unknown</b></a><br />
    <div class="stackTrace" id="exception-1">
              io.appium.java_client.pagefactory.AppiumElementLocator.findElement(AppiumElementLocator.java:110)<br />
              io.appium.java_client.pagefactory.interceptors.InterceptorOfASingleElement.intercept(InterceptorOfASingleElement.java:57)<br />
              io.appium.java_client.android.AndroidElement$$EnhancerByCGLIB$$c0b591f0.click(&lt;generated&gt;)<br />
              screens.ba.BaTravelCalendarScreen.clickOutboundTravelDate(BaTravelCalendarScreen.java:44)<br />
              screens.ba.BaTravelCalendarScreen.travelDate(BaTravelCalendarScreen.java:58)<br />
              testcases.ba.baPlanTripTest.oneAdultOneChildRtn(baPlanTripTest.java:58)<br />
              sun.reflect.NativeMethodAccessorImpl.invoke0(Native Method)<br />
              sun.reflect.NativeMethodAccessorImpl.invoke(Unknown Source)<br />
              sun.reflect.DelegatingMethodAccessorImpl.invoke(Unknown Source)<br />
              java.lang.reflect.Method.invoke(Unknown Source)<br />
              org.testng.internal.MethodInvocationHelper.invokeMethod(MethodInvocationHelper.java:124)<br />
              org.testng.internal.Invoker.invokeMethod(Invoker.java:583)<br />
              org.testng.internal.Invoker.invokeTestMethod(Invoker.java:719)<br />
              org.testng.internal.Invoker.invokeTestMethods(Invoker.java:989)<br />
              org.testng.internal.TestMethodWorker.invokeTestMethods(TestMethodWorker.java:125)<br />
              org.testng.internal.TestMethodWorker.run(TestMethodWorker.java:109)<br />
              org.testng.TestRunner.privateRun(TestRunner.java:648)<br />
              org.testng.TestRunner.run(TestRunner.java:505)<br />
              org.testng.SuiteRunner.runTest(SuiteRunner.java:455)<br />
              org.testng.SuiteRunner.access$000(SuiteRunner.java:40)<br />
              org.testng.SuiteRunner$SuiteWorker.run(SuiteRunner.java:489)<br />
              org.testng.internal.thread.ThreadUtil$1.call(ThreadUtil.java:52)<br />
              java.util.concurrent.FutureTask.run(Unknown Source)<br />
              java.util.concurrent.ThreadPoolExecutor.runWorker(Unknown Source)<br />
              java.util.concurrent.ThreadPoolExecutor$Worker.run(Unknown Source)<br />
              java.lang.Thread.run(Unknown Source)<br />
                </div>
      </td>
</tr>
<tr>
  <td class="method">
                  oneAdultOneWay
      </td>
  <td class="duration">
    28.778s
  </td>
  <td class="result">
        
          <i>Method arguments: </i><span class="arguments">org.testng.TestRunner@4c198dec</span><br />
    
            <div class="testOutput">
                        <a target="_blank" href="C:\Workspace\AppiumTesting\BlueStacks.BA.Poc\test-output\html\screenshots/02-Oct-2018__02_12_20PM.png">Screenshot Captured</a>
                                <br><a target='_blank' href="C:\Workspace\AppiumTesting\BlueStacks.BA.Poc\test-output\html\screenshots/02-Oct-2018__02_12_20PM.png"><img height=200, width=200, src="C:\Workspace\AppiumTesting\BlueStacks.BA.Poc\test-output\html\screenshots/02-Oct-2018__02_12_20PM.png" alt=""/></img></a>
                  </div>
    

        <a href="javascript:toggleElement('exception-2', 'block')" title="Click to expand/collapse"><b>org.openqa.selenium.TimeoutException: Timed out after 25 seconds waiting for element to be clickable: By.id: com.ba.mobile:id/button1<br/>
Build info: version: &apos;2.53.1&apos;, revision: &apos;a36b8b1cd5757287168e54b817830adce9b0158d&apos;, time: &apos;2016-06-30 19:26:09&apos;<br/>
System info: host: &apos;L1016967&apos;, ip: &apos;172.19.179.166&apos;, os.name: &apos;Windows 7&apos;, os.arch: &apos;amd64&apos;, os.version: &apos;6.1&apos;, java.version: &apos;1.8.0_181&apos;<br/>
Driver info: io.appium.java_client.android.AndroidDriver<br/>
Capabilities [{app=null, appPackage=com.ba.mobile, deviceScreenSize=1600x900, networkConnectionEnabled=true, warnings={}, databaseEnabled=false, deviceName=emulator-5554, platform=LINUX, deviceUDID=emulator-5554, appActivity=com.ba.mobile.activity.launch.LaunchActivity, desired={app=null, appPackage=com.ba.mobile, appActivity=com.ba.mobile.activity.launch.LaunchActivity, platformVersion=7.1.2, automationName=null, browserName=null, platformName=Android, deviceName=emulator-5554, unexpectedAlertBehaviour=true}, platformVersion=7.1.2, webStorageEnabled=false, locationContextEnabled=false, automationName=null, takesScreenshot=true, browserName=null, javascriptEnabled=true, deviceModel=SM-G950F, platformName=Android, deviceManufacturer=samsung, unexpectedAlertBehaviour=true}]<br/>
Session ID: 43acbcb4-9571-4810-8682-a28493d2142d</b></a><br />
    <div class="stackTrace" id="exception-2">
              org.openqa.selenium.support.ui.WebDriverWait.timeoutException(WebDriverWait.java:80)<br />
              org.openqa.selenium.support.ui.FluentWait.until(FluentWait.java:261)<br />
              base.ScreenBase.waitforElementClickable(ScreenBase.java:36)<br />
              screens.ba.BaHomeScreen.bookFlightBtn(BaHomeScreen.java:84)<br />
              testcases.ba.baPlanTripTest.oneAdultOneWay(baPlanTripTest.java:79)<br />
              sun.reflect.NativeMethodAccessorImpl.invoke0(Native Method)<br />
              sun.reflect.NativeMethodAccessorImpl.invoke(Unknown Source)<br />
              sun.reflect.DelegatingMethodAccessorImpl.invoke(Unknown Source)<br />
              java.lang.reflect.Method.invoke(Unknown Source)<br />
              org.testng.internal.MethodInvocationHelper.invokeMethod(MethodInvocationHelper.java:124)<br />
              org.testng.internal.Invoker.invokeMethod(Invoker.java:583)<br />
              org.testng.internal.Invoker.invokeTestMethod(Invoker.java:719)<br />
              org.testng.internal.Invoker.invokeTestMethods(Invoker.java:989)<br />
              org.testng.internal.TestMethodWorker.invokeTestMethods(TestMethodWorker.java:125)<br />
              org.testng.internal.TestMethodWorker.run(TestMethodWorker.java:109)<br />
              org.testng.TestRunner.privateRun(TestRunner.java:648)<br />
              org.testng.TestRunner.run(TestRunner.java:505)<br />
              org.testng.SuiteRunner.runTest(SuiteRunner.java:455)<br />
              org.testng.SuiteRunner.access$000(SuiteRunner.java:40)<br />
              org.testng.SuiteRunner$SuiteWorker.run(SuiteRunner.java:489)<br />
              org.testng.internal.thread.ThreadUtil$1.call(ThreadUtil.java:52)<br />
              java.util.concurrent.FutureTask.run(Unknown Source)<br />
              java.util.concurrent.ThreadPoolExecutor.runWorker(Unknown Source)<br />
              java.util.concurrent.ThreadPoolExecutor$Worker.run(Unknown Source)<br />
              java.lang.Thread.run(Unknown Source)<br />
                    <b>Caused by: </b> <a href="javascript:toggleElement('exception-3', 'block')" title="Click to expand/collapse">org.openqa.selenium.NoSuchElementException: An element could not be located on the page using the given search parameters. (WARNING: The server did not provide any stacktrace information)<br/>
Command duration or timeout: 5.30 seconds<br/>
For documentation on this error, please visit: http://seleniumhq.org/exceptions/no_such_element.html<br/>
Build info: version: &apos;2.53.1&apos;, revision: &apos;a36b8b1cd5757287168e54b817830adce9b0158d&apos;, time: &apos;2016-06-30 19:26:09&apos;<br/>
System info: host: &apos;L1016967&apos;, ip: &apos;172.19.179.166&apos;, os.name: &apos;Windows 7&apos;, os.arch: &apos;amd64&apos;, os.version: &apos;6.1&apos;, java.version: &apos;1.8.0_181&apos;<br/>
Driver info: io.appium.java_client.android.AndroidDriver<br/>
Capabilities [{app=null, appPackage=com.ba.mobile, deviceScreenSize=1600x900, networkConnectionEnabled=true, warnings={}, databaseEnabled=false, deviceName=emulator-5554, platform=LINUX, deviceUDID=emulator-5554, appActivity=com.ba.mobile.activity.launch.LaunchActivity, desired={app=null, appPackage=com.ba.mobile, appActivity=com.ba.mobile.activity.launch.LaunchActivity, platformVersion=7.1.2, automationName=null, browserName=null, platformName=Android, deviceName=emulator-5554, unexpectedAlertBehaviour=true}, platformVersion=7.1.2, webStorageEnabled=false, locationContextEnabled=false, automationName=null, takesScreenshot=true, browserName=null, javascriptEnabled=true, deviceModel=SM-G950F, platformName=Android, deviceManufacturer=samsung, unexpectedAlertBehaviour=true}]<br/>
Session ID: 43acbcb4-9571-4810-8682-a28493d2142d<br/>
*** Element info: {Using=id, value=com.ba.mobile:id/button1}</a><br />
        <div class="stackTrace" id="exception-3">
                      sun.reflect.NativeConstructorAccessorImpl.newInstance0(Native Method)<br />
                      sun.reflect.NativeConstructorAccessorImpl.newInstance(Unknown Source)<br />
                      sun.reflect.DelegatingConstructorAccessorImpl.newInstance(Unknown Source)<br />
                      java.lang.reflect.Constructor.newInstance(Unknown Source)<br />
                      org.openqa.selenium.remote.ErrorHandler.createThrowable(ErrorHandler.java:206)<br />
                      org.openqa.selenium.remote.ErrorHandler.throwIfResponseFailed(ErrorHandler.java:158)<br />
                      org.openqa.selenium.remote.RemoteWebDriver.execute(RemoteWebDriver.java:678)<br />
                      io.appium.java_client.DefaultGenericMobileDriver.execute(DefaultGenericMobileDriver.java:40)<br />
                      io.appium.java_client.AppiumDriver.execute(AppiumDriver.java:1)<br />
                      io.appium.java_client.android.AndroidDriver.execute(AndroidDriver.java:1)<br />
                      org.openqa.selenium.remote.RemoteWebDriver.findElement(RemoteWebDriver.java:363)<br />
                      io.appium.java_client.DefaultGenericMobileDriver.findElement(DefaultGenericMobileDriver.java:56)<br />
                      io.appium.java_client.AppiumDriver.findElement(AppiumDriver.java:1)<br />
                      io.appium.java_client.android.AndroidDriver.findElement(AndroidDriver.java:1)<br />
                      org.openqa.selenium.remote.RemoteWebDriver.findElementById(RemoteWebDriver.java:413)<br />
                      io.appium.java_client.DefaultGenericMobileDriver.findElementById(DefaultGenericMobileDriver.java:64)<br />
                      io.appium.java_client.AppiumDriver.findElementById(AppiumDriver.java:1)<br />
                      io.appium.java_client.android.AndroidDriver.findElementById(AndroidDriver.java:1)<br />
                      org.openqa.selenium.By$ById.findElement(By.java:218)<br />
                      org.openqa.selenium.remote.RemoteWebDriver.findElement(RemoteWebDriver.java:355)<br />
                      io.appium.java_client.DefaultGenericMobileDriver.findElement(DefaultGenericMobileDriver.java:52)<br />
                      io.appium.java_client.AppiumDriver.findElement(AppiumDriver.java:1)<br />
                      io.appium.java_client.android.AndroidDriver.findElement(AndroidDriver.java:1)<br />
                      org.openqa.selenium.support.ui.ExpectedConditions.findElement(ExpectedConditions.java:899)<br />
                      org.openqa.selenium.support.ui.ExpectedConditions.access$000(ExpectedConditions.java:41)<br />
                      org.openqa.selenium.support.ui.ExpectedConditions$7.apply(ExpectedConditions.java:205)<br />
                      org.openqa.selenium.support.ui.ExpectedConditions$7.apply(ExpectedConditions.java:201)<br />
                      org.openqa.selenium.support.ui.ExpectedConditions$22.apply(ExpectedConditions.java:653)<br />
                      org.openqa.selenium.support.ui.ExpectedConditions$22.apply(ExpectedConditions.java:646)<br />
                      org.openqa.selenium.support.ui.FluentWait.until(FluentWait.java:238)<br />
                      base.ScreenBase.waitforElementClickable(ScreenBase.java:36)<br />
                      screens.ba.BaHomeScreen.bookFlightBtn(BaHomeScreen.java:84)<br />
                      testcases.ba.baPlanTripTest.oneAdultOneWay(baPlanTripTest.java:79)<br />
                      sun.reflect.NativeMethodAccessorImpl.invoke0(Native Method)<br />
                      sun.reflect.NativeMethodAccessorImpl.invoke(Unknown Source)<br />
                      sun.reflect.DelegatingMethodAccessorImpl.invoke(Unknown Source)<br />
                      java.lang.reflect.Method.invoke(Unknown Source)<br />
                      org.testng.internal.MethodInvocationHelper.invokeMethod(MethodInvocationHelper.java:124)<br />
                      org.testng.internal.Invoker.invokeMethod(Invoker.java:583)<br />
                      org.testng.internal.Invoker.invokeTestMethod(Invoker.java:719)<br />
                      org.testng.internal.Invoker.invokeTestMethods(Invoker.java:989)<br />
                      org.testng.internal.TestMethodWorker.invokeTestMethods(TestMethodWorker.java:125)<br />
                      org.testng.internal.TestMethodWorker.run(TestMethodWorker.java:109)<br />
                      org.testng.TestRunner.privateRun(TestRunner.java:648)<br />
                      org.testng.TestRunner.run(TestRunner.java:505)<br />
                      org.testng.SuiteRunner.runTest(SuiteRunner.java:455)<br />
                      org.testng.SuiteRunner.access$000(SuiteRunner.java:40)<br />
                      org.testng.SuiteRunner$SuiteWorker.run(SuiteRunner.java:489)<br />
                      org.testng.internal.thread.ThreadUtil$1.call(ThreadUtil.java:52)<br />
                      java.util.concurrent.FutureTask.run(Unknown Source)<br />
                      java.util.concurrent.ThreadPoolExecutor.runWorker(Unknown Source)<br />
                      java.util.concurrent.ThreadPoolExecutor$Worker.run(Unknown Source)<br />
                      java.lang.Thread.run(Unknown Source)<br />
                  </div>
          </div>
      </td>
</tr>
<tr>
  <td class="method">
                  oneAdultRtn
      </td>
  <td class="duration">
    54.925s
  </td>
  <td class="result">
        
          <i>Method arguments: </i><span class="arguments">org.testng.TestRunner@4c198dec</span><br />
    
            <div class="testOutput">
                        <a target="_blank" href="C:\Workspace\AppiumTesting\BlueStacks.BA.Poc\test-output\html\screenshots/02-Oct-2018__02_13_18PM.png">Screenshot Captured</a>
                                <br><a target='_blank' href="C:\Workspace\AppiumTesting\BlueStacks.BA.Poc\test-output\html\screenshots/02-Oct-2018__02_13_18PM.png"><img height=200, width=200, src="C:\Workspace\AppiumTesting\BlueStacks.BA.Poc\test-output\html\screenshots/02-Oct-2018__02_13_18PM.png" alt=""/></img></a>
                  </div>
    

        <a href="javascript:toggleElement('exception-4', 'block')" title="Click to expand/collapse"><b>org.openqa.selenium.NoSuchElementException: Can&apos;t locate an element by this strategy: Locator map: <br/>
- native content: &quot;By.xpath: /hierarchy/android.widget.FrameLayout/android.widget.LinearLayout/android.widget.FrameLayout/android.widget.LinearLayout/android.widget.FrameLayout/android.widget.LinearLayout/android.widget.FrameLayout/android.support.v4.widget.DrawerLayout/android.widget.RelativeLayout/android.widget.LinearLayout/android.widget.ListView/android.widget.LinearLayout[2]/android.view.View/android.view.View[4]/android.widget.FrameLayout[1]/android.widget.TextView&quot; <br/>
- html content: &quot;by id or name &quot;hardCodedOutboundTravelDate&quot;&quot;<br/>
For documentation on this error, please visit: http://seleniumhq.org/exceptions/no_such_element.html<br/>
Build info: version: &apos;2.53.1&apos;, revision: &apos;a36b8b1cd5757287168e54b817830adce9b0158d&apos;, time: &apos;2016-06-30 19:26:09&apos;<br/>
System info: host: &apos;L1016967&apos;, ip: &apos;172.19.179.166&apos;, os.name: &apos;Windows 7&apos;, os.arch: &apos;amd64&apos;, os.version: &apos;6.1&apos;, java.version: &apos;1.8.0_181&apos;<br/>
Driver info: driver.version: unknown</b></a><br />
    <div class="stackTrace" id="exception-4">
              io.appium.java_client.pagefactory.AppiumElementLocator.findElement(AppiumElementLocator.java:110)<br />
              io.appium.java_client.pagefactory.interceptors.InterceptorOfASingleElement.intercept(InterceptorOfASingleElement.java:57)<br />
              io.appium.java_client.android.AndroidElement$$EnhancerByCGLIB$$c0b591f0.click(&lt;generated&gt;)<br />
              screens.ba.BaTravelCalendarScreen.clickOutboundTravelDate(BaTravelCalendarScreen.java:44)<br />
              screens.ba.BaTravelCalendarScreen.travelDate(BaTravelCalendarScreen.java:58)<br />
              testcases.ba.baPlanTripTest.oneAdultRtn(baPlanTripTest.java:108)<br />
              sun.reflect.NativeMethodAccessorImpl.invoke0(Native Method)<br />
              sun.reflect.NativeMethodAccessorImpl.invoke(Unknown Source)<br />
              sun.reflect.DelegatingMethodAccessorImpl.invoke(Unknown Source)<br />
              java.lang.reflect.Method.invoke(Unknown Source)<br />
              org.testng.internal.MethodInvocationHelper.invokeMethod(MethodInvocationHelper.java:124)<br />
              org.testng.internal.Invoker.invokeMethod(Invoker.java:583)<br />
              org.testng.internal.Invoker.invokeTestMethod(Invoker.java:719)<br />
              org.testng.internal.Invoker.invokeTestMethods(Invoker.java:989)<br />
              org.testng.internal.TestMethodWorker.invokeTestMethods(TestMethodWorker.java:125)<br />
              org.testng.internal.TestMethodWorker.run(TestMethodWorker.java:109)<br />
              org.testng.TestRunner.privateRun(TestRunner.java:648)<br />
              org.testng.TestRunner.run(TestRunner.java:505)<br />
              org.testng.SuiteRunner.runTest(SuiteRunner.java:455)<br />
              org.testng.SuiteRunner.access$000(SuiteRunner.java:40)<br />
              org.testng.SuiteRunner$SuiteWorker.run(SuiteRunner.java:489)<br />
              org.testng.internal.thread.ThreadUtil$1.call(ThreadUtil.java:52)<br />
              java.util.concurrent.FutureTask.run(Unknown Source)<br />
              java.util.concurrent.ThreadPoolExecutor.runWorker(Unknown Source)<br />
              java.util.concurrent.ThreadPoolExecutor$Worker.run(Unknown Source)<br />
              java.lang.Thread.run(Unknown Source)<br />
                </div>
      </td>
</tr>
      </table>


  
</body>
</html>
