<!DOCTYPE html>

<html>
  <head>
  <meta charset='utf-8'>
  <title>TestNG reports</title>

    <link type="text/css" href="testng-reports.css" rel="stylesheet" />
    <script type="text/javascript" src="jquery-1.7.1.min.js"></script>
    <script type="text/javascript" src="testng-reports.js"></script>
    <script type="text/javascript" src="https://www.google.com/jsapi"></script>
    <script type='text/javascript'>
      google.load('visualization', '1', {packages:['table']});
      google.setOnLoadCallback(drawTable);
      var suiteTableInitFunctions = new Array();
      var suiteTableData = new Array();
    </script>
    <!--
      <script type="text/javascript" src="jquery-ui/js/jquery-ui-1.8.16.custom.min.js"></script>
     -->
  </head>

  <body>
    <div class="top-banner-root">
      <span class="top-banner-title-font">Test results</span>
      <br/>
      <span class="top-banner-font-1">1 suite, 2 failed tests</span>
    </div> <!-- top-banner-root -->
    <div class="navigator-root">
      <div class="navigator-suite-header">
        <span>All suites</span>
        <a href="#" class="collapse-all-link" title="Collapse/expand all the suites">
          <img class="collapse-all-icon" src="collapseall.gif">
          </img> <!-- collapse-all-icon -->
        </a> <!-- collapse-all-link -->
      </div> <!-- navigator-suite-header -->
      <div class="suite">
        <div class="rounded-window">
          <div class="suite-header light-rounded-window-top">
            <a href="#" class="navigator-link" panel-name="suite-POC_Test_Suite_Page_Object_Model_with_PageFactory">
              <span class="suite-name border-failed">POC Test Suite Page Object Model with PageFactory</span>
            </a> <!-- navigator-link -->
          </div> <!-- suite-header light-rounded-window-top -->
          <div class="navigator-suite-content">
            <div class="suite-section-title">
              <span>Info</span>
            </div> <!-- suite-section-title -->
            <div class="suite-section-content">
              <ul>
                <li>
                  <a href="#" class="navigator-link " panel-name="test-xml-POC_Test_Suite_Page_Object_Model_with_PageFactory">
                    <span>C:\Workspace\AppiumTesting\BlueStacks.BA.Poc\src\test\resources\runner\testng.xml</span>
                  </a> <!-- navigator-link  -->
                </li>
                <li>
                  <a href="#" class="navigator-link " panel-name="testlist-POC_Test_Suite_Page_Object_Model_with_PageFactory">
                    <span class="test-stats">1 test</span>
                  </a> <!-- navigator-link  -->
                </li>
                <li>
                  <a href="#" class="navigator-link " panel-name="group-POC_Test_Suite_Page_Object_Model_with_PageFactory">
                    <span>0 groups</span>
                  </a> <!-- navigator-link  -->
                </li>
                <li>
                  <a href="#" class="navigator-link " panel-name="times-POC_Test_Suite_Page_Object_Model_with_PageFactory">
                    <span>Times</span>
                  </a> <!-- navigator-link  -->
                </li>
                <li>
                  <a href="#" class="navigator-link " panel-name="reporter-POC_Test_Suite_Page_Object_Model_with_PageFactory">
                    <span>Reporter output</span>
                  </a> <!-- navigator-link  -->
                </li>
                <li>
                  <a href="#" class="navigator-link " panel-name="ignored-methods-POC_Test_Suite_Page_Object_Model_with_PageFactory">
                    <span>Ignored methods</span>
                  </a> <!-- navigator-link  -->
                </li>
                <li>
                  <a href="#" class="navigator-link " panel-name="chronological-POC_Test_Suite_Page_Object_Model_with_PageFactory">
                    <span>Chronological view</span>
                  </a> <!-- navigator-link  -->
                </li>
              </ul>
            </div> <!-- suite-section-content -->
            <div class="result-section">
              <div class="suite-section-title">
                <span>Results</span>
              </div> <!-- suite-section-title -->
              <div class="suite-section-content">
                <ul>
                  <li>
                    <span class="method-stats">2 methods, 2 failed,   </span>
                  </li>
                  <li>
                    <span class="method-list-title failed">Failed methods</span>
                    <span class="show-or-hide-methods failed">
                      <a href="#" panel-name="suite-POC_Test_Suite_Page_Object_Model_with_PageFactory" class="hide-methods failed suite-POC_Test_Suite_Page_Object_Model_with_PageFactory"> (hide)</a> <!-- hide-methods failed suite-POC_Test_Suite_Page_Object_Model_with_PageFactory -->
                      <a href="#" panel-name="suite-POC_Test_Suite_Page_Object_Model_with_PageFactory" class="show-methods failed suite-POC_Test_Suite_Page_Object_Model_with_PageFactory"> (show)</a> <!-- show-methods failed suite-POC_Test_Suite_Page_Object_Model_with_PageFactory -->
                    </span>
                    <div class="method-list-content failed suite-POC_Test_Suite_Page_Object_Model_with_PageFactory">
                      <span>
                        <img width="3%" src="failed.png"/>
                        <a href="#" class="method navigator-link" panel-name="suite-POC_Test_Suite_Page_Object_Model_with_PageFactory" title="testcases.ba.baPlanTripTest" hash-for-method="oneAdultOneChildRtn(org.testng.TestRunner@74e47444)">oneAdultOneChildRtn(org.testng.TestRunner@74e47444)</a> <!-- method navigator-link -->
                      </span>
                      <br/>
                      <span>
                        <img width="3%" src="failed.png"/>
                        <a href="#" class="method navigator-link" panel-name="suite-POC_Test_Suite_Page_Object_Model_with_PageFactory" title="testcases.ba.baPlanTripTest" hash-for-method="oneAdultOneWay(org.testng.TestRunner@74e47444)">oneAdultOneWay(org.testng.TestRunner@74e47444)</a> <!-- method navigator-link -->
                      </span>
                      <br/>
                    </div> <!-- method-list-content failed suite-POC_Test_Suite_Page_Object_Model_with_PageFactory -->
                  </li>
                </ul>
              </div> <!-- suite-section-content -->
            </div> <!-- result-section -->
          </div> <!-- navigator-suite-content -->
        </div> <!-- rounded-window -->
      </div> <!-- suite -->
    </div> <!-- navigator-root -->
    <div class="wrapper">
      <div class="main-panel-root">
        <div panel-name="suite-POC_Test_Suite_Page_Object_Model_with_PageFactory" class="panel POC_Test_Suite_Page_Object_Model_with_PageFactory">
          <div class="suite-POC_Test_Suite_Page_Object_Model_with_PageFactory-class-failed">
            <div class="main-panel-header rounded-window-top">
              <img src="failed.png"/>
              <span class="class-name">testcases.ba.baPlanTripTest</span>
            </div> <!-- main-panel-header rounded-window-top -->
            <div class="main-panel-content rounded-window-bottom">
              <div class="method">
                <div class="method-content">
                  <a name="oneAdultOneChildRtn(org.testng.TestRunner@74e47444)">
                  </a> <!-- oneAdultOneChildRtn(org.testng.TestRunner@74e47444) -->
                  <span class="method-name">oneAdultOneChildRtn</span>
                  <span class="parameters">(org.testng.TestRunner@74e47444)</span>
                  <div class="stack-trace">org.openqa.selenium.NoSuchElementException: Can&apos;t locate an element by this strategy: Locator map: 
- native content: &quot;By.id: com.ba.mobile:id/lastNameEdit&quot; 
- html content: &quot;by id or name &quot;lastName&quot;&quot;
For documentation on this error, please visit: http://seleniumhq.org/exceptions/no_such_element.html
Build info: version: &apos;2.53.1&apos;, revision: &apos;a36b8b1cd5757287168e54b817830adce9b0158d&apos;, time: &apos;2016-06-30 19:26:09&apos;
System info: host: &apos;L1016967&apos;, ip: &apos;172.19.172.120&apos;, os.name: &apos;Windows 7&apos;, os.arch: &apos;amd64&apos;, os.version: &apos;6.1&apos;, java.version: &apos;1.8.0_181&apos;
Driver info: driver.version: unknown
	at io.appium.java_client.pagefactory.AppiumElementLocator.findElement(AppiumElementLocator.java:110)
	at io.appium.java_client.pagefactory.interceptors.InterceptorOfASingleElement.intercept(InterceptorOfASingleElement.java:57)
	at io.appium.java_client.android.AndroidElement$$EnhancerByCGLIB$$c0b591f0.click(&lt;generated&gt;)
	at screens.ba.BaPassengerDetailScreen.inputLastName(BaPassengerDetailScreen.java:127)
	at screens.ba.BaPassengerDetailScreen.addPassengerDetails(BaPassengerDetailScreen.java:214)
	at screens.ba.BaPassengerDetailScreen.addChildPassengerCountDetails(BaPassengerDetailScreen.java:281)
	at testcases.ba.baPlanTripTest.oneAdultOneChildRtn(baPlanTripTest.java:68)
... Removed 25 stack frames
</div> <!-- stack-trace -->
                </div> <!-- method-content -->
              </div> <!-- method -->
              <div class="method">
                <div class="method-content">
                  <a name="oneAdultOneWay(org.testng.TestRunner@74e47444)">
                  </a> <!-- oneAdultOneWay(org.testng.TestRunner@74e47444) -->
                  <span class="method-name">oneAdultOneWay</span>
                  <span class="parameters">(org.testng.TestRunner@74e47444)</span>
                  <div class="stack-trace">org.openqa.selenium.TimeoutException: Timed out after 25 seconds waiting for element to be clickable: By.id: com.ba.mobile:id/button1
Build info: version: &apos;2.53.1&apos;, revision: &apos;a36b8b1cd5757287168e54b817830adce9b0158d&apos;, time: &apos;2016-06-30 19:26:09&apos;
System info: host: &apos;L1016967&apos;, ip: &apos;172.19.172.120&apos;, os.name: &apos;Windows 7&apos;, os.arch: &apos;amd64&apos;, os.version: &apos;6.1&apos;, java.version: &apos;1.8.0_181&apos;
Driver info: io.appium.java_client.android.AndroidDriver
Capabilities [{app=null, appPackage=com.ba.mobile, deviceScreenSize=1080x1920, networkConnectionEnabled=true, warnings={}, databaseEnabled=false, deviceName=127.0.0.1:62001, platform=LINUX, deviceUDID=127.0.0.1:62001, appActivity=com.ba.mobile.activity.launch.LaunchActivity, desired={app=null, appPackage=com.ba.mobile, appActivity=com.ba.mobile.activity.launch.LaunchActivity, platformVersion=4.4.2, automationName=null, browserName=null, platformName=Android, deviceName=samsung-nexus-127.0.0.1:62001, unexpectedAlertBehaviour=true}, platformVersion=4.4.2, webStorageEnabled=false, locationContextEnabled=false, automationName=null, takesScreenshot=true, browserName=null, javascriptEnabled=true, deviceModel=SM-G955U, platformName=Android, deviceManufacturer=samsung, unexpectedAlertBehaviour=true}]
Session ID: 4a9a06a2-5d40-47dd-93a2-eed17fcbec88
	at org.openqa.selenium.support.ui.WebDriverWait.timeoutException(WebDriverWait.java:80)
	at org.openqa.selenium.support.ui.FluentWait.until(FluentWait.java:261)
	at base.ScreenBase.waitforElementClickable(ScreenBase.java:36)
	at screens.ba.BaHomeScreen.bookFlightBtn(BaHomeScreen.java:84)
	at testcases.ba.baPlanTripTest.oneAdultOneWay(baPlanTripTest.java:80)
Caused by: org.openqa.selenium.NoSuchElementException: An element could not be located on the page using the given search parameters. (WARNING: The server did not provide any stacktrace information)
Command duration or timeout: 5.43 seconds
For documentation on this error, please visit: http://seleniumhq.org/exceptions/no_such_element.html
Build info: version: &apos;2.53.1&apos;, revision: &apos;a36b8b1cd5757287168e54b817830adce9b0158d&apos;, time: &apos;2016-06-30 19:26:09&apos;
System info: host: &apos;L1016967&apos;, ip: &apos;172.19.172.120&apos;, os.name: &apos;Windows 7&apos;, os.arch: &apos;amd64&apos;, os.version: &apos;6.1&apos;, java.version: &apos;1.8.0_181&apos;
Driver info: io.appium.java_client.android.AndroidDriver
Capabilities [{app=null, appPackage=com.ba.mobile, deviceScreenSize=1080x1920, networkConnectionEnabled=true, warnings={}, databaseEnabled=false, deviceName=127.0.0.1:62001, platform=LINUX, deviceUDID=127.0.0.1:62001, appActivity=com.ba.mobile.activity.launch.LaunchActivity, desired={app=null, appPackage=com.ba.mobile, appActivity=com.ba.mobile.activity.launch.LaunchActivity, platformVersion=4.4.2, automationName=null, browserName=null, platformName=Android, deviceName=samsung-nexus-127.0.0.1:62001, unexpectedAlertBehaviour=true}, platformVersion=4.4.2, webStorageEnabled=false, locationContextEnabled=false, automationName=null, takesScreenshot=true, browserName=null, javascriptEnabled=true, deviceModel=SM-G955U, platformName=Android, deviceManufacturer=samsung, unexpectedAlertBehaviour=true}]
Session ID: 4a9a06a2-5d40-47dd-93a2-eed17fcbec88
*** Element info: {Using=id, value=com.ba.mobile:id/button1}
	at org.openqa.selenium.remote.ErrorHandler.createThrowable(ErrorHandler.java:206)
	at org.openqa.selenium.remote.ErrorHandler.throwIfResponseFailed(ErrorHandler.java:158)
	at org.openqa.selenium.remote.RemoteWebDriver.execute(RemoteWebDriver.java:678)
	at io.appium.java_client.DefaultGenericMobileDriver.execute(DefaultGenericMobileDriver.java:40)
	at io.appium.java_client.AppiumDriver.execute(AppiumDriver.java:1)
	at io.appium.java_client.android.AndroidDriver.execute(AndroidDriver.java:1)
	at org.openqa.selenium.remote.RemoteWebDriver.findElement(RemoteWebDriver.java:363)
	at io.appium.java_client.DefaultGenericMobileDriver.findElement(DefaultGenericMobileDriver.java:56)
	at io.appium.java_client.AppiumDriver.findElement(AppiumDriver.java:1)
	at io.appium.java_client.android.AndroidDriver.findElement(AndroidDriver.java:1)
	at org.openqa.selenium.remote.RemoteWebDriver.findElementById(RemoteWebDriver.java:413)
	at io.appium.java_client.DefaultGenericMobileDriver.findElementById(DefaultGenericMobileDriver.java:64)
	at io.appium.java_client.AppiumDriver.findElementById(AppiumDriver.java:1)
	at io.appium.java_client.android.AndroidDriver.findElementById(AndroidDriver.java:1)
	at org.openqa.selenium.By$ById.findElement(By.java:218)
	at org.openqa.selenium.remote.RemoteWebDriver.findElement(RemoteWebDriver.java:355)
	at io.appium.java_client.DefaultGenericMobileDriver.findElement(DefaultGenericMobileDriver.java:52)
	at io.appium.java_client.AppiumDriver.findElement(AppiumDriver.java:1)
	at io.appium.java_client.android.AndroidDriver.findElement(AndroidDriver.java:1)
	at org.openqa.selenium.support.ui.ExpectedConditions.findElement(ExpectedConditions.java:899)
	at org.openqa.selenium.support.ui.ExpectedConditions.access$000(ExpectedConditions.java:41)
	at org.openqa.selenium.support.ui.ExpectedConditions$7.apply(ExpectedConditions.java:205)
	at org.openqa.selenium.support.ui.ExpectedConditions$7.apply(ExpectedConditions.java:201)
	at org.openqa.selenium.support.ui.ExpectedConditions$22.apply(ExpectedConditions.java:653)
	at org.openqa.selenium.support.ui.ExpectedConditions$22.apply(ExpectedConditions.java:646)
	at org.openqa.selenium.support.ui.FluentWait.until(FluentWait.java:238)
	... 28 more
... Removed 29 stack frames
</div> <!-- stack-trace -->
                </div> <!-- method-content -->
              </div> <!-- method -->
            </div> <!-- main-panel-content rounded-window-bottom -->
          </div> <!-- suite-POC_Test_Suite_Page_Object_Model_with_PageFactory-class-failed -->
        </div> <!-- panel POC_Test_Suite_Page_Object_Model_with_PageFactory -->
        <div panel-name="test-xml-POC_Test_Suite_Page_Object_Model_with_PageFactory" class="panel">
          <div class="main-panel-header rounded-window-top">
            <span class="header-content">C:\Workspace\AppiumTesting\BlueStacks.BA.Poc\src\test\resources\runner\testng.xml</span>
          </div> <!-- main-panel-header rounded-window-top -->
          <div class="main-panel-content rounded-window-bottom">
            <pre>
&lt;?xml version=&quot;1.0&quot; encoding=&quot;UTF-8&quot;?&gt;
&lt;!DOCTYPE suite SYSTEM &quot;http://testng.org/testng-1.0.dtd&quot;&gt;
&lt;suite thread-count=&quot;-1&quot; guice-stage=&quot;DEVELOPMENT&quot; name=&quot;POC Test Suite Page Object Model with PageFactory&quot;&gt;
  &lt;listeners&gt;
    &lt;listener class-name=&quot;listener.CustomListeners&quot;/&gt;
    &lt;listener class-name=&quot;listener.ExtentReporterNG&quot;/&gt;
    &lt;listener class-name=&quot;org.uncommons.reportng.HTMLReporter&quot;/&gt;
    &lt;listener class-name=&quot;org.uncommons.reportng.JUnitXMLReporter&quot;/&gt;
  &lt;/listeners&gt;
  &lt;test thread-count=&quot;5&quot; name=&quot;Test&quot;&gt;
    &lt;classes&gt;
      &lt;class name=&quot;testcases.ba.baPlanTripTest&quot;/&gt;
    &lt;/classes&gt;
  &lt;/test&gt; &lt;!-- Test --&gt;
&lt;/suite&gt; &lt;!-- POC Test Suite Page Object Model with PageFactory --&gt;
            </pre>
          </div> <!-- main-panel-content rounded-window-bottom -->
        </div> <!-- panel -->
        <div panel-name="testlist-POC_Test_Suite_Page_Object_Model_with_PageFactory" class="panel">
          <div class="main-panel-header rounded-window-top">
            <span class="header-content">Tests for POC Test Suite Page Object Model with PageFactory</span>
          </div> <!-- main-panel-header rounded-window-top -->
          <div class="main-panel-content rounded-window-bottom">
            <ul>
              <li>
                <span class="test-name">Test (1 class)</span>
              </li>
            </ul>
          </div> <!-- main-panel-content rounded-window-bottom -->
        </div> <!-- panel -->
        <div panel-name="group-POC_Test_Suite_Page_Object_Model_with_PageFactory" class="panel">
          <div class="main-panel-header rounded-window-top">
            <span class="header-content">Groups for POC Test Suite Page Object Model with PageFactory</span>
          </div> <!-- main-panel-header rounded-window-top -->
          <div class="main-panel-content rounded-window-bottom">
          </div> <!-- main-panel-content rounded-window-bottom -->
        </div> <!-- panel -->
        <div panel-name="times-POC_Test_Suite_Page_Object_Model_with_PageFactory" class="panel">
          <div class="main-panel-header rounded-window-top">
            <span class="header-content">Times for POC Test Suite Page Object Model with PageFactory</span>
          </div> <!-- main-panel-header rounded-window-top -->
          <div class="main-panel-content rounded-window-bottom">
            <div class="times-div">
              <script type="text/javascript">
suiteTableInitFunctions.push('tableData_POC_Test_Suite_Page_Object_Model_with_PageFactory');
function tableData_POC_Test_Suite_Page_Object_Model_with_PageFactory() {
var data = new google.visualization.DataTable();
data.addColumn('number', 'Number');
data.addColumn('string', 'Method');
data.addColumn('string', 'Class');
data.addColumn('number', 'Time (ms)');
data.addRows(2);
data.setCell(0, 0, 0)
data.setCell(0, 1, 'oneAdultOneChildRtn')
data.setCell(0, 2, 'testcases.ba.baPlanTripTest')
data.setCell(0, 3, 198109);
data.setCell(1, 0, 1)
data.setCell(1, 1, 'oneAdultOneWay')
data.setCell(1, 2, 'testcases.ba.baPlanTripTest')
data.setCell(1, 3, 34777);
window.suiteTableData['POC_Test_Suite_Page_Object_Model_with_PageFactory']= { tableData: data, tableDiv: 'times-div-POC_Test_Suite_Page_Object_Model_with_PageFactory'}
return data;
}
              </script>
              <span class="suite-total-time">Total running time: 3 minutes</span>
              <div id="times-div-POC_Test_Suite_Page_Object_Model_with_PageFactory">
              </div> <!-- times-div-POC_Test_Suite_Page_Object_Model_with_PageFactory -->
            </div> <!-- times-div -->
          </div> <!-- main-panel-content rounded-window-bottom -->
        </div> <!-- panel -->
        <div panel-name="reporter-POC_Test_Suite_Page_Object_Model_with_PageFactory" class="panel">
          <div class="main-panel-header rounded-window-top">
            <span class="header-content">Reporter output for POC Test Suite Page Object Model with PageFactory</span>
          </div> <!-- main-panel-header rounded-window-top -->
          <div class="main-panel-content rounded-window-bottom">
            <div class="reporter-method-div">
              <span class="reporter-method-name">oneAdultOneChildRtn(org.testng.TestRunner@74e47444)</span>
              <div class="reporter-method-output-div">
                <span class="reporter-method-output"><a target="_blank" href="C:\Workspace\AppiumTesting\BlueStacks.BA.Poc\test-output\html\screenshots/01-Oct-2018__03_54_27PM.png">Screenshot Captured</a></span>
                <span class="reporter-method-output"><br><a target='_blank' href="C:\Workspace\AppiumTesting\BlueStacks.BA.Poc\test-output\html\screenshots/01-Oct-2018__03_54_27PM.png"><img height=200, width=200, src="C:\Workspace\AppiumTesting\BlueStacks.BA.Poc\test-output\html\screenshots/01-Oct-2018__03_54_27PM.png" alt=""/></img></a></span>
              </div> <!-- reporter-method-output-div -->
            </div> <!-- reporter-method-div -->
            <div class="reporter-method-div">
              <span class="reporter-method-name">oneAdultOneWay(org.testng.TestRunner@74e47444)</span>
              <div class="reporter-method-output-div">
                <span class="reporter-method-output"><a target="_blank" href="C:\Workspace\AppiumTesting\BlueStacks.BA.Poc\test-output\html\screenshots/01-Oct-2018__03_55_10PM.png">Screenshot Captured</a></span>
                <span class="reporter-method-output"><br><a target='_blank' href="C:\Workspace\AppiumTesting\BlueStacks.BA.Poc\test-output\html\screenshots/01-Oct-2018__03_55_10PM.png"><img height=200, width=200, src="C:\Workspace\AppiumTesting\BlueStacks.BA.Poc\test-output\html\screenshots/01-Oct-2018__03_55_10PM.png" alt=""/></img></a></span>
              </div> <!-- reporter-method-output-div -->
            </div> <!-- reporter-method-div -->
          </div> <!-- main-panel-content rounded-window-bottom -->
        </div> <!-- panel -->
        <div panel-name="ignored-methods-POC_Test_Suite_Page_Object_Model_with_PageFactory" class="panel">
          <div class="main-panel-header rounded-window-top">
            <span class="header-content">0 ignored methods</span>
          </div> <!-- main-panel-header rounded-window-top -->
          <div class="main-panel-content rounded-window-bottom">
          </div> <!-- main-panel-content rounded-window-bottom -->
        </div> <!-- panel -->
        <div panel-name="chronological-POC_Test_Suite_Page_Object_Model_with_PageFactory" class="panel">
          <div class="main-panel-header rounded-window-top">
            <span class="header-content">Methods in chronological order</span>
          </div> <!-- main-panel-header rounded-window-top -->
          <div class="main-panel-content rounded-window-bottom">
            <div class="chronological-class">
              <div class="chronological-class-name">testcases.ba.baPlanTripTest</div> <!-- chronological-class-name -->
              <div class="configuration-suite before">
                <span class="method-name">setUp</span>
                <span class="method-start">0 ms</span>
              </div> <!-- configuration-suite before -->
              <div class="configuration-test before">
                <span class="method-name">init</span>
                <span class="method-start">39914 ms</span>
              </div> <!-- configuration-test before -->
              <div class="test-method">
                <img src="failed.png">
                </img>
                <span class="method-name">oneAdultOneChildRtn(org.testng.TestRunner@74e47444)</span>
                <span class="method-start">40095 ms</span>
              </div> <!-- test-method -->
              <div class="test-method">
                <img src="failed.png">
                </img>
                <span class="method-name">oneAdultOneWay(org.testng.TestRunner@74e47444)</span>
                <span class="method-start">246554 ms</span>
              </div> <!-- test-method -->
              <div class="configuration-suite after">
                <span class="method-name">tearDown</span>
                <span class="method-start">289646 ms</span>
              </div> <!-- configuration-suite after -->
          </div> <!-- main-panel-content rounded-window-bottom -->
        </div> <!-- panel -->
      </div> <!-- main-panel-root -->
    </div> <!-- wrapper -->
  </body>
</html>
