<?xml version="1.0" encoding="UTF-8"?>
<testng-results skipped="0" failed="2" ignored="0" total="2" passed="0">
  <reporter-output>
    <line>
      <![CDATA[<a target="_blank" href="C:\Workspace\AppiumTesting\BlueStacks.BA.Poc\test-output\html\screenshots/01-Oct-2018__03_54_27PM.png">Screenshot Captured</a>]]>
    </line>
    <line>
      <![CDATA[<br><a target='_blank' href="C:\Workspace\AppiumTesting\BlueStacks.BA.Poc\test-output\html\screenshots/01-Oct-2018__03_54_27PM.png"><img height=200, width=200, src="C:\Workspace\AppiumTesting\BlueStacks.BA.Poc\test-output\html\screenshots/01-Oct-2018__03_54_27PM.png" alt=""/></img></a>]]>
    </line>
    <line>
      <![CDATA[<a target="_blank" href="C:\Workspace\AppiumTesting\BlueStacks.BA.Poc\test-output\html\screenshots/01-Oct-2018__03_55_10PM.png">Screenshot Captured</a>]]>
    </line>
    <line>
      <![CDATA[<br><a target='_blank' href="C:\Workspace\AppiumTesting\BlueStacks.BA.Poc\test-output\html\screenshots/01-Oct-2018__03_55_10PM.png"><img height=200, width=200, src="C:\Workspace\AppiumTesting\BlueStacks.BA.Poc\test-output\html\screenshots/01-Oct-2018__03_55_10PM.png" alt=""/></img></a>]]>
    </line>
  </reporter-output>
  <suite name="POC Test Suite Page Object Model with PageFactory" duration-ms="249698" started-at="2018-10-01T14:51:00Z" finished-at="2018-10-01T14:55:10Z">
    <groups>
    </groups>
    <test name="Test" duration-ms="249698" started-at="2018-10-01T14:51:00Z" finished-at="2018-10-01T14:55:10Z">
      <class name="testcases.ba.baPlanTripTest">
        <test-method status="PASS" signature="setUp()[pri:0, instance:testcases.ba.baPlanTripTest@38afe297]" name="setUp" is-config="true" duration-ms="39912" started-at="2018-10-01T15:50:20Z" finished-at="2018-10-01T15:51:00Z">
          <reporter-output>
          </reporter-output>
        </test-method> <!-- setUp -->
        <test-method status="PASS" signature="init()[pri:0, instance:testcases.ba.baPlanTripTest@38afe297]" name="init" is-config="true" duration-ms="165" started-at="2018-10-01T15:51:00Z" finished-at="2018-10-01T15:51:01Z">
          <reporter-output>
          </reporter-output>
        </test-method> <!-- init -->
        <test-method status="FAIL" signature="oneAdultOneChildRtn(org.testng.ITestContext)[pri:1, instance:testcases.ba.baPlanTripTest@38afe297]" name="oneAdultOneChildRtn" duration-ms="198109" started-at="2018-10-01T15:51:01Z" finished-at="2018-10-01T15:54:19Z">
          <params>
            <param index="0">
              <value>
                <![CDATA[org.testng.TestRunner@74e47444]]>
              </value>
            </param>
          </params>
          <exception class="org.openqa.selenium.NoSuchElementException">
            <message>
              <![CDATA[Can't locate an element by this strategy: Locator map: - native content: "By.id: com.ba.mobile:id/lastNameEdit" - html content: "by id or name "lastName""For documentation on this error, please visit: http://seleniumhq.org/exceptions/no_such_element.htmlBuild info: version: '2.53.1', revision: 'a36b8b1cd5757287168e54b817830adce9b0158d', time: '2016-06-30 19:26:09'System info: host: 'L1016967', ip: '172.19.172.120', os.name: 'Windows 7', os.arch: 'amd64', os.version: '6.1', java.version: '1.8.0_181'Driver info: driver.version: unknown]]>
            </message>
            <full-stacktrace>
              <![CDATA[org.openqa.selenium.NoSuchElementException: Can't locate an element by this strategy: Locator map: - native content: "By.id: com.ba.mobile:id/lastNameEdit" - html content: "by id or name "lastName""For documentation on this error, please visit: http://seleniumhq.org/exceptions/no_such_element.htmlBuild info: version: '2.53.1', revision: 'a36b8b1cd5757287168e54b817830adce9b0158d', time: '2016-06-30 19:26:09'System info: host: 'L1016967', ip: '172.19.172.120', os.name: 'Windows 7', os.arch: 'amd64', os.version: '6.1', java.version: '1.8.0_181'Driver info: driver.version: unknownat io.appium.java_client.pagefactory.AppiumElementLocator.findElement(AppiumElementLocator.java:110)at io.appium.java_client.pagefactory.interceptors.InterceptorOfASingleElement.intercept(InterceptorOfASingleElement.java:57)at io.appium.java_client.android.AndroidElement$$EnhancerByCGLIB$$c0b591f0.click(<generated>)at screens.ba.BaPassengerDetailScreen.inputLastName(BaPassengerDetailScreen.java:127)at screens.ba.BaPassengerDetailScreen.addPassengerDetails(BaPassengerDetailScreen.java:214)at screens.ba.BaPassengerDetailScreen.addChildPassengerCountDetails(BaPassengerDetailScreen.java:281)at testcases.ba.baPlanTripTest.oneAdultOneChildRtn(baPlanTripTest.java:68)at sun.reflect.NativeMethodAccessorImpl.invoke0(Native Method)at sun.reflect.NativeMethodAccessorImpl.invoke(Unknown Source)at sun.reflect.DelegatingMethodAccessorImpl.invoke(Unknown Source)at java.lang.reflect.Method.invoke(Unknown Source)at org.testng.internal.MethodInvocationHelper.invokeMethod(MethodInvocationHelper.java:124)at org.testng.internal.Invoker.invokeMethod(Invoker.java:571)at org.testng.internal.Invoker.invokeTestMethod(Invoker.java:707)at org.testng.internal.Invoker.invokeTestMethods(Invoker.java:979)at org.testng.internal.TestMethodWorker.invokeTestMethods(TestMethodWorker.java:125)at org.testng.internal.TestMethodWorker.run(TestMethodWorker.java:109)at org.testng.TestRunner.privateRun(TestRunner.java:648)at org.testng.TestRunner.run(TestRunner.java:505)at org.testng.SuiteRunner.runTest(SuiteRunner.java:455)at org.testng.SuiteRunner.runSequentially(SuiteRunner.java:450)at org.testng.SuiteRunner.privateRun(SuiteRunner.java:415)at org.testng.SuiteRunner.run(SuiteRunner.java:364)at org.testng.SuiteRunnerWorker.runSuite(SuiteRunnerWorker.java:52)at org.testng.SuiteRunnerWorker.run(SuiteRunnerWorker.java:84)at org.testng.TestNG.runSuitesSequentially(TestNG.java:1187)at org.testng.TestNG.runSuitesLocally(TestNG.java:1116)at org.testng.TestNG.runSuites(TestNG.java:1028)at org.testng.TestNG.run(TestNG.java:996)at org.testng.remote.AbstractRemoteTestNG.run(AbstractRemoteTestNG.java:114)at org.testng.remote.RemoteTestNG.initAndRun(RemoteTestNG.java:251)at org.testng.remote.RemoteTestNG.main(RemoteTestNG.java:77)]]>
            </full-stacktrace>
          </exception> <!-- org.openqa.selenium.NoSuchElementException -->
          <reporter-output>
            <line>
              <![CDATA[<a target="_blank" href="C:\Workspace\AppiumTesting\BlueStacks.BA.Poc\test-output\html\screenshots/01-Oct-2018__03_54_27PM.png">Screenshot Captured</a>]]>
            </line>
            <line>
              <![CDATA[<br><a target='_blank' href="C:\Workspace\AppiumTesting\BlueStacks.BA.Poc\test-output\html\screenshots/01-Oct-2018__03_54_27PM.png"><img height=200, width=200, src="C:\Workspace\AppiumTesting\BlueStacks.BA.Poc\test-output\html\screenshots/01-Oct-2018__03_54_27PM.png" alt=""/></img></a>]]>
            </line>
          </reporter-output>
        </test-method> <!-- oneAdultOneChildRtn -->
        <test-method status="FAIL" signature="oneAdultOneWay(org.testng.ITestContext)[pri:2, instance:testcases.ba.baPlanTripTest@38afe297]" name="oneAdultOneWay" duration-ms="34777" started-at="2018-10-01T15:54:27Z" finished-at="2018-10-01T15:55:02Z">
          <params>
            <param index="0">
              <value>
                <![CDATA[org.testng.TestRunner@74e47444]]>
              </value>
            </param>
          </params>
          <exception class="org.openqa.selenium.TimeoutException">
            <message>
              <![CDATA[Timed out after 25 seconds waiting for element to be clickable: By.id: com.ba.mobile:id/button1Build info: version: '2.53.1', revision: 'a36b8b1cd5757287168e54b817830adce9b0158d', time: '2016-06-30 19:26:09'System info: host: 'L1016967', ip: '172.19.172.120', os.name: 'Windows 7', os.arch: 'amd64', os.version: '6.1', java.version: '1.8.0_181'Driver info: io.appium.java_client.android.AndroidDriverCapabilities [{app=null, appPackage=com.ba.mobile, deviceScreenSize=1080x1920, networkConnectionEnabled=true, warnings={}, databaseEnabled=false, deviceName=127.0.0.1:62001, platform=LINUX, deviceUDID=127.0.0.1:62001, appActivity=com.ba.mobile.activity.launch.LaunchActivity, desired={app=null, appPackage=com.ba.mobile, appActivity=com.ba.mobile.activity.launch.LaunchActivity, platformVersion=4.4.2, automationName=null, browserName=null, platformName=Android, deviceName=samsung-nexus-127.0.0.1:62001, unexpectedAlertBehaviour=true}, platformVersion=4.4.2, webStorageEnabled=false, locationContextEnabled=false, automationName=null, takesScreenshot=true, browserName=null, javascriptEnabled=true, deviceModel=SM-G955U, platformName=Android, deviceManufacturer=samsung, unexpectedAlertBehaviour=true}]Session ID: 4a9a06a2-5d40-47dd-93a2-eed17fcbec88]]>
            </message>
            <full-stacktrace>
              <![CDATA[org.openqa.selenium.TimeoutException: Timed out after 25 seconds waiting for element to be clickable: By.id: com.ba.mobile:id/button1Build info: version: '2.53.1', revision: 'a36b8b1cd5757287168e54b817830adce9b0158d', time: '2016-06-30 19:26:09'System info: host: 'L1016967', ip: '172.19.172.120', os.name: 'Windows 7', os.arch: 'amd64', os.version: '6.1', java.version: '1.8.0_181'Driver info: io.appium.java_client.android.AndroidDriverCapabilities [{app=null, appPackage=com.ba.mobile, deviceScreenSize=1080x1920, networkConnectionEnabled=true, warnings={}, databaseEnabled=false, deviceName=127.0.0.1:62001, platform=LINUX, deviceUDID=127.0.0.1:62001, appActivity=com.ba.mobile.activity.launch.LaunchActivity, desired={app=null, appPackage=com.ba.mobile, appActivity=com.ba.mobile.activity.launch.LaunchActivity, platformVersion=4.4.2, automationName=null, browserName=null, platformName=Android, deviceName=samsung-nexus-127.0.0.1:62001, unexpectedAlertBehaviour=true}, platformVersion=4.4.2, webStorageEnabled=false, locationContextEnabled=false, automationName=null, takesScreenshot=true, browserName=null, javascriptEnabled=true, deviceModel=SM-G955U, platformName=Android, deviceManufacturer=samsung, unexpectedAlertBehaviour=true}]Session ID: 4a9a06a2-5d40-47dd-93a2-eed17fcbec88at org.openqa.selenium.support.ui.WebDriverWait.timeoutException(WebDriverWait.java:80)at org.openqa.selenium.support.ui.FluentWait.until(FluentWait.java:261)at base.ScreenBase.waitforElementClickable(ScreenBase.java:36)at screens.ba.BaHomeScreen.bookFlightBtn(BaHomeScreen.java:84)at testcases.ba.baPlanTripTest.oneAdultOneWay(baPlanTripTest.java:80)at sun.reflect.NativeMethodAccessorImpl.invoke0(Native Method)at sun.reflect.NativeMethodAccessorImpl.invoke(Unknown Source)at sun.reflect.DelegatingMethodAccessorImpl.invoke(Unknown Source)at java.lang.reflect.Method.invoke(Unknown Source)at org.testng.internal.MethodInvocationHelper.invokeMethod(MethodInvocationHelper.java:124)at org.testng.internal.Invoker.invokeMethod(Invoker.java:571)at org.testng.internal.Invoker.invokeTestMethod(Invoker.java:707)at org.testng.internal.Invoker.invokeTestMethods(Invoker.java:979)at org.testng.internal.TestMethodWorker.invokeTestMethods(TestMethodWorker.java:125)at org.testng.internal.TestMethodWorker.run(TestMethodWorker.java:109)at org.testng.TestRunner.privateRun(TestRunner.java:648)at org.testng.TestRunner.run(TestRunner.java:505)at org.testng.SuiteRunner.runTest(SuiteRunner.java:455)at org.testng.SuiteRunner.runSequentially(SuiteRunner.java:450)at org.testng.SuiteRunner.privateRun(SuiteRunner.java:415)at org.testng.SuiteRunner.run(SuiteRunner.java:364)at org.testng.SuiteRunnerWorker.runSuite(SuiteRunnerWorker.java:52)at org.testng.SuiteRunnerWorker.run(SuiteRunnerWorker.java:84)at org.testng.TestNG.runSuitesSequentially(TestNG.java:1187)at org.testng.TestNG.runSuitesLocally(TestNG.java:1116)at org.testng.TestNG.runSuites(TestNG.java:1028)at org.testng.TestNG.run(TestNG.java:996)at org.testng.remote.AbstractRemoteTestNG.run(AbstractRemoteTestNG.java:114)at org.testng.remote.RemoteTestNG.initAndRun(RemoteTestNG.java:251)at org.testng.remote.RemoteTestNG.main(RemoteTestNG.java:77)Caused by: org.openqa.selenium.NoSuchElementException: An element could not be located on the page using the given search parameters. (WARNING: The server did not provide any stacktrace information)Command duration or timeout: 5.43 secondsFor documentation on this error, please visit: http://seleniumhq.org/exceptions/no_such_element.htmlBuild info: version: '2.53.1', revision: 'a36b8b1cd5757287168e54b817830adce9b0158d', time: '2016-06-30 19:26:09'System info: host: 'L1016967', ip: '172.19.172.120', os.name: 'Windows 7', os.arch: 'amd64', os.version: '6.1', java.version: '1.8.0_181'Driver info: io.appium.java_client.android.AndroidDriverCapabilities [{app=null, appPackage=com.ba.mobile, deviceScreenSize=1080x1920, networkConnectionEnabled=true, warnings={}, databaseEnabled=false, deviceName=127.0.0.1:62001, platform=LINUX, deviceUDID=127.0.0.1:62001, appActivity=com.ba.mobile.activity.launch.LaunchActivity, desired={app=null, appPackage=com.ba.mobile, appActivity=com.ba.mobile.activity.launch.LaunchActivity, platformVersion=4.4.2, automationName=null, browserName=null, platformName=Android, deviceName=samsung-nexus-127.0.0.1:62001, unexpectedAlertBehaviour=true}, platformVersion=4.4.2, webStorageEnabled=false, locationContextEnabled=false, automationName=null, takesScreenshot=true, browserName=null, javascriptEnabled=true, deviceModel=SM-G955U, platformName=Android, deviceManufacturer=samsung, unexpectedAlertBehaviour=true}]Session ID: 4a9a06a2-5d40-47dd-93a2-eed17fcbec88*** Element info: {Using=id, value=com.ba.mobile:id/button1}at sun.reflect.NativeConstructorAccessorImpl.newInstance0(Native Method)at sun.reflect.NativeConstructorAccessorImpl.newInstance(Unknown Source)at sun.reflect.DelegatingConstructorAccessorImpl.newInstance(Unknown Source)at java.lang.reflect.Constructor.newInstance(Unknown Source)at org.openqa.selenium.remote.ErrorHandler.createThrowable(ErrorHandler.java:206)at org.openqa.selenium.remote.ErrorHandler.throwIfResponseFailed(ErrorHandler.java:158)at org.openqa.selenium.remote.RemoteWebDriver.execute(RemoteWebDriver.java:678)at io.appium.java_client.DefaultGenericMobileDriver.execute(DefaultGenericMobileDriver.java:40)at io.appium.java_client.AppiumDriver.execute(AppiumDriver.java:1)at io.appium.java_client.android.AndroidDriver.execute(AndroidDriver.java:1)at org.openqa.selenium.remote.RemoteWebDriver.findElement(RemoteWebDriver.java:363)at io.appium.java_client.DefaultGenericMobileDriver.findElement(DefaultGenericMobileDriver.java:56)at io.appium.java_client.AppiumDriver.findElement(AppiumDriver.java:1)at io.appium.java_client.android.AndroidDriver.findElement(AndroidDriver.java:1)at org.openqa.selenium.remote.RemoteWebDriver.findElementById(RemoteWebDriver.java:413)at io.appium.java_client.DefaultGenericMobileDriver.findElementById(DefaultGenericMobileDriver.java:64)at io.appium.java_client.AppiumDriver.findElementById(AppiumDriver.java:1)at io.appium.java_client.android.AndroidDriver.findElementById(AndroidDriver.java:1)at org.openqa.selenium.By$ById.findElement(By.java:218)at org.openqa.selenium.remote.RemoteWebDriver.findElement(RemoteWebDriver.java:355)at io.appium.java_client.DefaultGenericMobileDriver.findElement(DefaultGenericMobileDriver.java:52)at io.appium.java_client.AppiumDriver.findElement(AppiumDriver.java:1)at io.appium.java_client.android.AndroidDriver.findElement(AndroidDriver.java:1)at org.openqa.selenium.support.ui.ExpectedConditions.findElement(ExpectedConditions.java:899)at org.openqa.selenium.support.ui.ExpectedConditions.access$000(ExpectedConditions.java:41)at org.openqa.selenium.support.ui.ExpectedConditions$7.apply(ExpectedConditions.java:205)at org.openqa.selenium.support.ui.ExpectedConditions$7.apply(ExpectedConditions.java:201)at org.openqa.selenium.support.ui.ExpectedConditions$22.apply(ExpectedConditions.java:653)at org.openqa.selenium.support.ui.ExpectedConditions$22.apply(ExpectedConditions.java:646)at org.openqa.selenium.support.ui.FluentWait.until(FluentWait.java:238)... 28 more]]>
            </full-stacktrace>
          </exception> <!-- org.openqa.selenium.TimeoutException -->
          <reporter-output>
            <line>
              <![CDATA[<a target="_blank" href="C:\Workspace\AppiumTesting\BlueStacks.BA.Poc\test-output\html\screenshots/01-Oct-2018__03_55_10PM.png">Screenshot Captured</a>]]>
            </line>
            <line>
              <![CDATA[<br><a target='_blank' href="C:\Workspace\AppiumTesting\BlueStacks.BA.Poc\test-output\html\screenshots/01-Oct-2018__03_55_10PM.png"><img height=200, width=200, src="C:\Workspace\AppiumTesting\BlueStacks.BA.Poc\test-output\html\screenshots/01-Oct-2018__03_55_10PM.png" alt=""/></img></a>]]>
            </line>
          </reporter-output>
        </test-method> <!-- oneAdultOneWay -->
        <test-method status="PASS" signature="tearDown()[pri:0, instance:testcases.ba.baPlanTripTest@38afe297]" name="tearDown" is-config="true" duration-ms="11224" started-at="2018-10-01T15:55:10Z" finished-at="2018-10-01T15:55:21Z">
          <reporter-output>
          </reporter-output>
        </test-method> <!-- tearDown -->
      </class> <!-- testcases.ba.baPlanTripTest -->
    </test> <!-- Test -->
  </suite> <!-- POC Test Suite Page Object Model with PageFactory -->
</testng-results>
