<?xml version="1.0" encoding="UTF-8"?>
<!-- Generated by org.testng.reporters.JUnitXMLReporter -->
<testsuite hostname="L1016967" ignored="0" name="Test" tests="4" failures="1" timestamp="27 Sep 2018 23:02:37 GMT" time="590.747" errors="0">
  <testcase name="oneAdultOneChildRtn" time="248.171" classname="testcases.ba.baPlanTripTest"/>
  <testcase name="oneAdultOneWay" time="147.217" classname="testcases.ba.baPlanTripTest"/>
  <testcase name="oneAdultRtn" time="146.77" classname="testcases.ba.baPlanTripTest"/>
  <testcase name="failureScenario" time="44.738" classname="testcases.ba.baPlanTripTest">
    <failure type="org.openqa.selenium.NoSuchElementException" message="Can&amp;apos;t locate an element by this strategy: Locator map: 
- native content: &amp;quot;By.id: com.ba.mobile:id/airportName&amp;quot; 
- html content: &amp;quot;by id or name &amp;quot;acceptAirportEntered&amp;quot;&amp;quot;
For documentation on this error, please visit: http://seleniumhq.org/exceptions/no_such_element.html
Build info: version: &amp;apos;2.53.1&amp;apos;, revision: &amp;apos;a36b8b1cd5757287168e54b817830adce9b0158d&amp;apos;, time: &amp;apos;2016-06-30 19:26:09&amp;apos;
System info: host: &amp;apos;L1016967&amp;apos;, ip: &amp;apos;192.168.0.55&amp;apos;, os.name: &amp;apos;Windows 7&amp;apos;, os.arch: &amp;apos;amd64&amp;apos;, os.version: &amp;apos;6.1&amp;apos;, java.version: &amp;apos;1.8.0_181&amp;apos;
Driver info: driver.version: unknown">
      <![CDATA[org.openqa.selenium.NoSuchElementException: Can't locate an element by this strategy: Locator map: - native content: "By.id: com.ba.mobile:id/airportName" - html content: "by id or name "acceptAirportEntered""For documentation on this error, please visit: http://seleniumhq.org/exceptions/no_such_element.htmlBuild info: version: '2.53.1', revision: 'a36b8b1cd5757287168e54b817830adce9b0158d', time: '2016-06-30 19:26:09'System info: host: 'L1016967', ip: '192.168.0.55', os.name: 'Windows 7', os.arch: 'amd64', os.version: '6.1', java.version: '1.8.0_181'Driver info: driver.version: unknownat io.appium.java_client.pagefactory.AppiumElementLocator.findElement(AppiumElementLocator.java:110)at io.appium.java_client.pagefactory.interceptors.InterceptorOfASingleElement.intercept(InterceptorOfASingleElement.java:57)at io.appium.java_client.android.AndroidElement$$EnhancerByCGLIB$$c0b591f0.click(<generated>)at screens.ba.BaAirportScreen.acceptAirportEntered(BaAirportScreen.java:58)at screens.ba.BaAirportScreen.arrivalFlight(BaAirportScreen.java:72)at testcases.ba.baPlanTripTest.failureScenario(baPlanTripTest.java:135)... Removed 25 stack frames]]>
    </failure>
  </testcase> <!-- failureScenario -->
</testsuite> <!-- Test -->
